<?xml version="1.0" encoding="UTF-8"?>
<!-- Generated by org.testng.reporters.JUnitXMLReporter -->
<testsuite ignored="0" hostname="MacBook-Air-de-Jonathan.local" failures="1" tests="1" name="Surefire test" time="0.065" errors="0" timestamp="2023-03-04T20:13:37 CET">
  <testcase classname="com.citrus.myproject.API_Test" name="Getvalue_Test" time="0.049">
    <failure type="com.consol.citrus.exceptions.TestCaseFailedException" message="I/O error on GET request for &amp;quot;http://localhost:8080/produit/read/&amp;quot;: Connect to localhost:8080 [localhost/127.0.0.1, localhost/0:0:0:0:0:0:0:1] failed: Connection refused; nested exception is org.apache.http.conn.HttpHostConnectException: Connect to localhost:8080 [localhost/127.0.0.1, localhost/0:0:0:0:0:0:0:1] failed: Connection refused">
      <![CDATA[com.consol.citrus.exceptions.TestCaseFailedException: I/O error on GET request for "http://localhost:8080/produit/read/": Connect to localhost:8080 [localhost/127.0.0.1, localhost/0:0:0:0:0:0:0:1] failed: Connection refused; nested exception is org.apache.http.conn.HttpHostConnectException: Connect to localhost:8080 [localhost/127.0.0.1, localhost/0:0:0:0:0:0:0:1] failed: Connection refused
at com.consol.citrus.dsl.testng.TestNGCitrusTest.invokeTestMethod(TestNGCitrusTest.java:143)
at com.consol.citrus.dsl.testng.TestNGCitrusTest.run(TestNGCitrusTest.java:112)
at com.consol.citrus.dsl.testng.TestNGCitrusTest.run(TestNGCitrusTest.java:61)
at java.base/java.util.ArrayList.forEach(ArrayList.java:1511)
Caused by: com.consol.citrus.exceptions.TestCaseFailedException: I/O error on GET request for "http://localhost:8080/produit/read/": Connect to localhost:8080 [localhost/127.0.0.1, localhost/0:0:0:0:0:0:0:1] failed: Connection refused; nested exception is org.apache.http.conn.HttpHostConnectException: Connect to localhost:8080 [localhost/127.0.0.1, localhost/0:0:0:0:0:0:0:1] failed: Connection refused
at com.consol.citrus.DefaultTestCase.executeAction(DefaultTestCase.java:143)
at com.consol.citrus.dsl.runner.DefaultTestRunner.run(DefaultTestRunner.java:219)
at com.consol.citrus.dsl.runner.DefaultTestRunner.http(DefaultTestRunner.java:689)
at com.consol.citrus.dsl.testng.TestNGCitrusTestRunner.http(TestNGCitrusTestRunner.java:419)
at requests.ActionsHttpBases.get(ActionsHttpBases.java:38)
at requests.ActionsHttpBases.get(ActionsHttpBases.java:89)
at requests.ActionsHttpBases.get(ActionsHttpBases.java:97)
at com.citrus.myproject.API_Test.Getvalue_Test(API_Test.java:24)
at org.springframework.util.ReflectionUtils.invokeMethod(ReflectionUtils.java:282)
at com.consol.citrus.dsl.testng.TestNGCitrusTest.invokeTestMethod(TestNGCitrusTest.java:140)
... 31 more
Caused by: org.springframework.web.client.ResourceAccessException: I/O error on GET request for "http://localhost:8080/produit/read/": Connect to localhost:8080 [localhost/127.0.0.1, localhost/0:0:0:0:0:0:0:1] failed: Connection refused; nested exception is org.apache.http.conn.HttpHostConnectException: Connect to localhost:8080 [localhost/127.0.0.1, localhost/0:0:0:0:0:0:0:1] failed: Connection refused
at org.springframework.web.client.RestTemplate.doExecute(RestTemplate.java:785)
at org.springframework.web.client.RestTemplate.execute(RestTemplate.java:751)
at org.springframework.web.client.RestTemplate.exchange(RestTemplate.java:621)
at com.consol.citrus.http.client.HttpClient.send(HttpClient.java:131)
at com.consol.citrus.actions.SendMessageAction.doExecute(SendMessageAction.java:165)
at com.consol.citrus.actions.AbstractTestAction.execute(AbstractTestAction.java:59)
at com.consol.citrus.DefaultTestCase.executeAction(DefaultTestCase.java:136)
... 42 more
Caused by: org.apache.http.conn.HttpHostConnectException: Connect to localhost:8080 [localhost/127.0.0.1, localhost/0:0:0:0:0:0:0:1] failed: Connection refused
at org.apache.http.impl.conn.DefaultHttpClientConnectionOperator.connect(DefaultHttpClientConnectionOperator.java:156)
at org.apache.http.impl.conn.PoolingHttpClientConnectionManager.connect(PoolingHttpClientConnectionManager.java:376)
at org.apache.http.impl.execchain.MainClientExec.establishRoute(MainClientExec.java:393)
at org.apache.http.impl.execchain.MainClientExec.execute(MainClientExec.java:236)
at org.apache.http.impl.execchain.ProtocolExec.execute(ProtocolExec.java:186)
at org.apache.http.impl.execchain.RetryExec.execute(RetryExec.java:89)
at org.apache.http.impl.execchain.RedirectExec.execute(RedirectExec.java:110)
at org.apache.http.impl.client.InternalHttpClient.doExecute(InternalHttpClient.java:185)
at org.apache.http.impl.client.CloseableHttpClient.execute(CloseableHttpClient.java:83)
at org.apache.http.impl.client.CloseableHttpClient.execute(CloseableHttpClient.java:56)
at org.springframework.http.client.HttpComponentsClientHttpRequest.executeInternal(HttpComponentsClientHttpRequest.java:87)
at org.springframework.http.client.AbstractBufferingClientHttpRequest.executeInternal(AbstractBufferingClientHttpRequest.java:48)
at org.springframework.http.client.AbstractClientHttpRequest.execute(AbstractClientHttpRequest.java:66)
at org.springframework.http.client.InterceptingClientHttpRequest$InterceptingRequestExecution.execute(InterceptingClientHttpRequest.java:109)
at com.consol.citrus.http.interceptor.LoggingClientInterceptor.intercept(LoggingClientInterceptor.java:63)
at org.springframework.http.client.InterceptingClientHttpRequest$InterceptingRequestExecution.execute(InterceptingClientHttpRequest.java:93)
at org.springframework.http.client.InterceptingClientHttpRequest.executeInternal(InterceptingClientHttpRequest.java:77)
at org.springframework.http.client.AbstractBufferingClientHttpRequest.executeInternal(AbstractBufferingClientHttpRequest.java:48)
at org.springframework.http.client.AbstractClientHttpRequest.execute(AbstractClientHttpRequest.java:66)
at org.springframework.web.client.RestTemplate.doExecute(RestTemplate.java:776)
... 48 more
Caused by: java.net.ConnectException: Connection refused
at java.base/sun.nio.ch.Net.connect0(Native Method)
at java.base/sun.nio.ch.Net.connect(Net.java:579)
at java.base/sun.nio.ch.Net.connect(Net.java:568)
at java.base/sun.nio.ch.NioSocketImpl.connect(NioSocketImpl.java:576)
at java.base/java.net.SocksSocketImpl.connect(SocksSocketImpl.java:327)
at java.base/java.net.Socket.connect(Socket.java:666)
at org.apache.http.conn.socket.PlainConnectionSocketFactory.connectSocket(PlainConnectionSocketFactory.java:75)
at org.apache.http.impl.conn.DefaultHttpClientConnectionOperator.connect(DefaultHttpClientConnectionOperator.java:142)
... 67 more
... Removed 30 stack frames]]>
    </failure>
  </testcase> <!-- Getvalue_Test -->
</testsuite> <!-- Surefire test -->
