-------------------------------------------------------------------------------
Test set: com.citrus.myproject.API_Test
-------------------------------------------------------------------------------
Tests run: 1, Failures: 1, Errors: 0, Skipped: 0, Time elapsed: 1.071 s <<< FAILURE! - in com.citrus.myproject.API_Test
Getvalue_Test(com.citrus.myproject.API_Test)  Time elapsed: 0.061 s  <<< FAILURE!
com.consol.citrus.exceptions.TestCaseFailedException: I/O error on GET request for "http://localhost:8080/produit/read/": Connect to localhost:8080 [localhost/127.0.0.1, localhost/0:0:0:0:0:0:0:1] failed: Connection refused; nested exception is org.apache.http.conn.HttpHostConnectException: Connect to localhost:8080 [localhost/127.0.0.1, localhost/0:0:0:0:0:0:0:1] failed: Connection refused
	at com.citrus.myproject.API_Test.Getvalue_Test(API_Test.java:24)
Caused by: org.springframework.web.client.ResourceAccessException: I/O error on GET request for "http://localhost:8080/produit/read/": Connect to localhost:8080 [localhost/127.0.0.1, localhost/0:0:0:0:0:0:0:1] failed: Connection refused; nested exception is org.apache.http.conn.HttpHostConnectException: Connect to localhost:8080 [localhost/127.0.0.1, localhost/0:0:0:0:0:0:0:1] failed: Connection refused
	at com.citrus.myproject.API_Test.Getvalue_Test(API_Test.java:24)
Caused by: org.apache.http.conn.HttpHostConnectException: Connect to localhost:8080 [localhost/127.0.0.1, localhost/0:0:0:0:0:0:0:1] failed: Connection refused
	at com.citrus.myproject.API_Test.Getvalue_Test(API_Test.java:24)
Caused by: java.net.ConnectException: Connection refused
	at com.citrus.myproject.API_Test.Getvalue_Test(API_Test.java:24)

