<?xml version="1.0" encoding="UTF-8"?>
<testng-results ignored="0" total="1" passed="0" failed="1" skipped="0">
  <reporter-output>
  </reporter-output>
  <suite started-at="2023-03-04T20:13:37 CET" name="Surefire suite" finished-at="2023-03-04T20:13:37 CET" duration-ms="65">
    <groups>
    </groups>
    <test started-at="2023-03-04T20:13:37 CET" name="Surefire test" finished-at="2023-03-04T20:13:37 CET" duration-ms="65">
      <class name="com.citrus.myproject.API_Test">
        <test-method is-config="true" signature="beforeSuite(org.testng.ITestContext)[pri:0, instance:com.citrus.myproject.API_Test@47f4e407]" started-at="2023-03-04T20:13:36 CET" name="beforeSuite" finished-at="2023-03-04T20:13:37 CET" duration-ms="591" status="PASS">
          <params>
            <param index="0">
              <value>
                <![CDATA[org.testng.TestRunner@2ffe243f]]>
              </value>
            </param>
          </params>
          <reporter-output>
          </reporter-output>
        </test-method> <!-- beforeSuite -->
        <test-method is-config="true" signature="springTestContextBeforeTestClass()[pri:0, instance:com.citrus.myproject.API_Test@47f4e407]" started-at="2023-03-04T20:13:37 CET" name="springTestContextBeforeTestClass" finished-at="2023-03-04T20:13:37 CET" duration-ms="2" status="PASS">
          <reporter-output>
          </reporter-output>
        </test-method> <!-- springTestContextBeforeTestClass -->
        <test-method is-config="true" signature="springTestContextPrepareTestInstance()[pri:0, instance:com.citrus.myproject.API_Test@47f4e407]" started-at="2023-03-04T20:13:37 CET" name="springTestContextPrepareTestInstance" finished-at="2023-03-04T20:13:37 CET" depends-on-methods="org.springframework.test.context.testng.AbstractTestNGSpringContextTests.springTestContextBeforeTestClass" duration-ms="0" status="PASS">
          <reporter-output>
          </reporter-output>
        </test-method> <!-- springTestContextPrepareTestInstance -->
        <test-method is-config="true" signature="springTestContextBeforeTestMethod(java.lang.reflect.Method)[pri:0, instance:com.citrus.myproject.API_Test@47f4e407]" started-at="2023-03-04T20:13:37 CET" name="springTestContextBeforeTestMethod" finished-at="2023-03-04T20:13:37 CET" duration-ms="1" status="PASS">
          <params>
            <param index="0">
              <value>
                <![CDATA[public void com.citrus.myproject.API_Test.Getvalue_Test(com.consol.citrus.context.TestContext)]]>
              </value>
            </param>
          </params>
          <reporter-output>
          </reporter-output>
        </test-method> <!-- springTestContextBeforeTestMethod -->
        <test-method signature="Getvalue_Test(com.consol.citrus.context.TestContext)[pri:0, instance:com.citrus.myproject.API_Test@47f4e407]" started-at="2023-03-04T20:13:37 CET" name="Getvalue_Test" finished-at="2023-03-04T20:13:37 CET" duration-ms="49" status="FAIL">
          <params>
            <param index="0">
              <value is-null="true"/>
            </param>
          </params>
          <exception class="com.consol.citrus.exceptions.TestCaseFailedException">
            <message>
              <![CDATA[I/O error on GET request for "http://localhost:8080/produit/read/": Connect to localhost:8080 [localhost/127.0.0.1, localhost/0:0:0:0:0:0:0:1] failed: Connection refused; nested exception is org.apache.http.conn.HttpHostConnectException: Connect to localhost:8080 [localhost/127.0.0.1, localhost/0:0:0:0:0:0:0:1] failed: Connection refused]]>
            </message>
            <full-stacktrace>
              <![CDATA[com.consol.citrus.exceptions.TestCaseFailedException: I/O error on GET request for "http://localhost:8080/produit/read/": Connect to localhost:8080 [localhost/127.0.0.1, localhost/0:0:0:0:0:0:0:1] failed: Connection refused; nested exception is org.apache.http.conn.HttpHostConnectException: Connect to localhost:8080 [localhost/127.0.0.1, localhost/0:0:0:0:0:0:0:1] failed: Connection refused
at com.consol.citrus.dsl.testng.TestNGCitrusTest.invokeTestMethod(TestNGCitrusTest.java:143)
at com.consol.citrus.dsl.testng.TestNGCitrusTest.run(TestNGCitrusTest.java:112)
at com.consol.citrus.dsl.testng.TestNGCitrusTest.run(TestNGCitrusTest.java:61)
at org.testng.internal.invokers.MethodInvocationHelper.invokeHookable(MethodInvocationHelper.java:266)
at org.testng.internal.invokers.TestInvoker.invokeMethod(TestInvoker.java:665)
at org.testng.internal.invokers.TestInvoker.invokeTestMethod(TestInvoker.java:220)
at org.testng.internal.invokers.MethodRunner.runInSequence(MethodRunner.java:50)
at org.testng.internal.invokers.TestInvoker$MethodInvocationAgent.invoke(TestInvoker.java:945)
at org.testng.internal.invokers.TestInvoker.invokeTestMethods(TestInvoker.java:193)
at org.testng.internal.invokers.TestMethodWorker.invokeTestMethods(TestMethodWorker.java:146)
at org.testng.internal.invokers.TestMethodWorker.run(TestMethodWorker.java:128)
at java.base/java.util.ArrayList.forEach(ArrayList.java:1511)
at org.testng.TestRunner.privateRun(TestRunner.java:808)
at org.testng.TestRunner.run(TestRunner.java:603)
at org.testng.SuiteRunner.runTest(SuiteRunner.java:429)
at org.testng.SuiteRunner.runSequentially(SuiteRunner.java:423)
at org.testng.SuiteRunner.privateRun(SuiteRunner.java:383)
at org.testng.SuiteRunner.run(SuiteRunner.java:326)
at org.testng.SuiteRunnerWorker.runSuite(SuiteRunnerWorker.java:52)
at org.testng.SuiteRunnerWorker.run(SuiteRunnerWorker.java:95)
at org.testng.TestNG.runSuitesSequentially(TestNG.java:1249)
at org.testng.TestNG.runSuitesLocally(TestNG.java:1169)
at org.testng.TestNG.runSuites(TestNG.java:1092)
at org.testng.TestNG.run(TestNG.java:1060)
at org.apache.maven.surefire.testng.TestNGExecutor.run(TestNGExecutor.java:135)
at org.apache.maven.surefire.testng.TestNGDirectoryTestSuite.executeSingleClass(TestNGDirectoryTestSuite.java:112)
at org.apache.maven.surefire.testng.TestNGDirectoryTestSuite.execute(TestNGDirectoryTestSuite.java:99)
at org.apache.maven.surefire.testng.TestNGProvider.invoke(TestNGProvider.java:146)
at org.apache.maven.surefire.booter.ForkedBooter.invokeProviderInSameClassLoader(ForkedBooter.java:384)
at org.apache.maven.surefire.booter.ForkedBooter.runSuitesInProcess(ForkedBooter.java:345)
at org.apache.maven.surefire.booter.ForkedBooter.execute(ForkedBooter.java:126)
at org.apache.maven.surefire.booter.ForkedBooter.main(ForkedBooter.java:418)
Caused by: com.consol.citrus.exceptions.TestCaseFailedException: I/O error on GET request for "http://localhost:8080/produit/read/": Connect to localhost:8080 [localhost/127.0.0.1, localhost/0:0:0:0:0:0:0:1] failed: Connection refused; nested exception is org.apache.http.conn.HttpHostConnectException: Connect to localhost:8080 [localhost/127.0.0.1, localhost/0:0:0:0:0:0:0:1] failed: Connection refused
at com.consol.citrus.DefaultTestCase.executeAction(DefaultTestCase.java:143)
at com.consol.citrus.dsl.runner.DefaultTestRunner.run(DefaultTestRunner.java:219)
at com.consol.citrus.dsl.runner.DefaultTestRunner.http(DefaultTestRunner.java:689)
at com.consol.citrus.dsl.testng.TestNGCitrusTestRunner.http(TestNGCitrusTestRunner.java:419)
at requests.ActionsHttpBases.get(ActionsHttpBases.java:38)
at requests.ActionsHttpBases.get(ActionsHttpBases.java:89)
at requests.ActionsHttpBases.get(ActionsHttpBases.java:97)
at com.citrus.myproject.API_Test.Getvalue_Test(API_Test.java:24)
at java.base/jdk.internal.reflect.DirectMethodHandleAccessor.invoke(DirectMethodHandleAccessor.java:104)
at java.base/java.lang.reflect.Method.invoke(Method.java:578)
at org.springframework.util.ReflectionUtils.invokeMethod(ReflectionUtils.java:282)
at com.consol.citrus.dsl.testng.TestNGCitrusTest.invokeTestMethod(TestNGCitrusTest.java:140)
... 31 more
Caused by: org.springframework.web.client.ResourceAccessException: I/O error on GET request for "http://localhost:8080/produit/read/": Connect to localhost:8080 [localhost/127.0.0.1, localhost/0:0:0:0:0:0:0:1] failed: Connection refused; nested exception is org.apache.http.conn.HttpHostConnectException: Connect to localhost:8080 [localhost/127.0.0.1, localhost/0:0:0:0:0:0:0:1] failed: Connection refused
at org.springframework.web.client.RestTemplate.doExecute(RestTemplate.java:785)
at org.springframework.web.client.RestTemplate.execute(RestTemplate.java:751)
at org.springframework.web.client.RestTemplate.exchange(RestTemplate.java:621)
at com.consol.citrus.http.client.HttpClient.send(HttpClient.java:131)
at com.consol.citrus.actions.SendMessageAction.doExecute(SendMessageAction.java:165)
at com.consol.citrus.actions.AbstractTestAction.execute(AbstractTestAction.java:59)
at com.consol.citrus.DefaultTestCase.executeAction(DefaultTestCase.java:136)
... 42 more
Caused by: org.apache.http.conn.HttpHostConnectException: Connect to localhost:8080 [localhost/127.0.0.1, localhost/0:0:0:0:0:0:0:1] failed: Connection refused
at org.apache.http.impl.conn.DefaultHttpClientConnectionOperator.connect(DefaultHttpClientConnectionOperator.java:156)
at org.apache.http.impl.conn.PoolingHttpClientConnectionManager.connect(PoolingHttpClientConnectionManager.java:376)
at org.apache.http.impl.execchain.MainClientExec.establishRoute(MainClientExec.java:393)
at org.apache.http.impl.execchain.MainClientExec.execute(MainClientExec.java:236)
at org.apache.http.impl.execchain.ProtocolExec.execute(ProtocolExec.java:186)
at org.apache.http.impl.execchain.RetryExec.execute(RetryExec.java:89)
at org.apache.http.impl.execchain.RedirectExec.execute(RedirectExec.java:110)
at org.apache.http.impl.client.InternalHttpClient.doExecute(InternalHttpClient.java:185)
at org.apache.http.impl.client.CloseableHttpClient.execute(CloseableHttpClient.java:83)
at org.apache.http.impl.client.CloseableHttpClient.execute(CloseableHttpClient.java:56)
at org.springframework.http.client.HttpComponentsClientHttpRequest.executeInternal(HttpComponentsClientHttpRequest.java:87)
at org.springframework.http.client.AbstractBufferingClientHttpRequest.executeInternal(AbstractBufferingClientHttpRequest.java:48)
at org.springframework.http.client.AbstractClientHttpRequest.execute(AbstractClientHttpRequest.java:66)
at org.springframework.http.client.InterceptingClientHttpRequest$InterceptingRequestExecution.execute(InterceptingClientHttpRequest.java:109)
at com.consol.citrus.http.interceptor.LoggingClientInterceptor.intercept(LoggingClientInterceptor.java:63)
at org.springframework.http.client.InterceptingClientHttpRequest$InterceptingRequestExecution.execute(InterceptingClientHttpRequest.java:93)
at org.springframework.http.client.InterceptingClientHttpRequest.executeInternal(InterceptingClientHttpRequest.java:77)
at org.springframework.http.client.AbstractBufferingClientHttpRequest.executeInternal(AbstractBufferingClientHttpRequest.java:48)
at org.springframework.http.client.AbstractClientHttpRequest.execute(AbstractClientHttpRequest.java:66)
at org.springframework.web.client.RestTemplate.doExecute(RestTemplate.java:776)
... 48 more
Caused by: java.net.ConnectException: Connection refused
at java.base/sun.nio.ch.Net.connect0(Native Method)
at java.base/sun.nio.ch.Net.connect(Net.java:579)
at java.base/sun.nio.ch.Net.connect(Net.java:568)
at java.base/sun.nio.ch.NioSocketImpl.connect(NioSocketImpl.java:576)
at java.base/java.net.SocksSocketImpl.connect(SocksSocketImpl.java:327)
at java.base/java.net.Socket.connect(Socket.java:666)
at org.apache.http.conn.socket.PlainConnectionSocketFactory.connectSocket(PlainConnectionSocketFactory.java:75)
at org.apache.http.impl.conn.DefaultHttpClientConnectionOperator.connect(DefaultHttpClientConnectionOperator.java:142)
... 67 more
]]>
            </full-stacktrace>
          </exception> <!-- com.consol.citrus.exceptions.TestCaseFailedException -->
          <reporter-output>
          </reporter-output>
        </test-method> <!-- Getvalue_Test -->
        <test-method is-config="true" signature="springTestContextAfterTestMethod(java.lang.reflect.Method)[pri:0, instance:com.citrus.myproject.API_Test@47f4e407]" started-at="2023-03-04T20:13:37 CET" name="springTestContextAfterTestMethod" finished-at="2023-03-04T20:13:37 CET" duration-ms="1" status="PASS">
          <params>
            <param index="0">
              <value>
                <![CDATA[public void com.citrus.myproject.API_Test.Getvalue_Test(com.consol.citrus.context.TestContext)]]>
              </value>
            </param>
          </params>
          <reporter-output>
          </reporter-output>
        </test-method> <!-- springTestContextAfterTestMethod -->
        <test-method is-config="true" signature="springTestContextAfterTestClass()[pri:0, instance:com.citrus.myproject.API_Test@47f4e407]" started-at="2023-03-04T20:13:37 CET" name="springTestContextAfterTestClass" finished-at="2023-03-04T20:13:37 CET" duration-ms="1" status="PASS">
          <reporter-output>
          </reporter-output>
        </test-method> <!-- springTestContextAfterTestClass -->
        <test-method is-config="true" signature="afterSuite(org.testng.ITestContext)[pri:0, instance:com.citrus.myproject.API_Test@47f4e407]" started-at="2023-03-04T20:13:37 CET" name="afterSuite" finished-at="2023-03-04T20:13:37 CET" duration-ms="17" status="PASS">
          <params>
            <param index="0">
              <value>
                <![CDATA[org.testng.TestRunner@2ffe243f]]>
              </value>
            </param>
          </params>
          <reporter-output>
          </reporter-output>
        </test-method> <!-- afterSuite -->
      </class> <!-- com.citrus.myproject.API_Test -->
    </test> <!-- Surefire test -->
  </suite> <!-- Surefire suite -->
</testng-results>
